\BOOKMARK [0][]{chapter.1}{1 But what is data science?}{}% 1
\BOOKMARK [0][]{chapter.2}{2 Some basics and beyond}{}% 2
\BOOKMARK [0][]{chapter.3}{3 Practicalities: Software Installations and AWS cloud}{}% 3
\BOOKMARK [0][]{chapter.4}{4 Practicalities: Programming language and libraries}{}% 4
\BOOKMARK [0][]{chapter.5}{5 Harvesting data}{}% 5
\BOOKMARK [1][]{section.5.1}{5.1 Data Manipulation}{chapter.5}% 6
\BOOKMARK [1][]{section.5.2}{5.2 Analytics 1: Describing your data}{chapter.5}% 7
\BOOKMARK [1][]{section.5.3}{5.3 Analytics 2: Cleaning your data}{chapter.5}% 8
\BOOKMARK [0][]{chapter.6}{6 Numerical Modeling}{}% 9
\BOOKMARK [1][]{section.6.1}{6.1 Basics}{chapter.6}% 10
\BOOKMARK [1][]{section.6.2}{6.2 Designing smart numerical experiments}{chapter.6}% 11
\BOOKMARK [0][]{chapter.7}{7 Machine learning tools}{}% 12
\BOOKMARK [1][]{section.7.1}{7.1 Supervised methods}{chapter.7}% 13
\BOOKMARK [1][]{section.7.2}{7.2 unsupervised methods}{chapter.7}% 14
\BOOKMARK [0][]{chapter.8}{8 Databases}{}% 15
\BOOKMARK [1][]{section.8.1}{8.1 SQL}{chapter.8}% 16
\BOOKMARK [1][]{section.8.2}{8.2 NoSQL}{chapter.8}% 17
\BOOKMARK [0][]{chapter.9}{9 Map Reduce}{}% 18
\BOOKMARK [1][]{section.9.1}{9.1 Hadoop}{chapter.9}% 19
\BOOKMARK [0][]{chapter.10}{10 Big Data}{}% 20
\BOOKMARK [0][]{chapter.11}{11 Communicating Results}{}% 21
\BOOKMARK [1][]{section.11.1}{11.1 Visuals}{chapter.11}% 22
